<?xml version="1.0" encoding="UTF-8"?>
<!-- Generated by org.testng.reporters.JUnitXMLReporter -->
<testsuite ignored="0" hostname="LAPTOP-F0FTMUEP" failures="1" tests="3" name="Test" time="0.288" errors="0" timestamp="09 Jun 2025 00:22:46 GMT">
  <testcase classname="com.app.extend.Test_Sample" name="test1" time="0.018">
    <failure type="java.lang.AssertionError" message="expected [true] but found [false]">
      <![CDATA[java.lang.AssertionError: expected [true] but found [false]
	at com.app.extend.Test_Sample.test1(Test_Sample.java:15)
... Removed 27 stack frames]]>
    </failure>
  </testcase> <!-- test1 -->
  <testcase classname="com.app.extend.Test_Sample" name="test2" time="0.001"/>
  <testcase classname="com.app.extend.Test_Sample" name="test3" time="0.001"/>
</testsuite> <!-- Test -->
